[INFO] Scanning for projects...
[INFO] 
[INFO] -----------------------------< test:demo >------------------------------
[INFO] Building demo 1.0-SNAPSHOT
[INFO] --------------------------------[ jar ]---------------------------------
[INFO] 
[INFO] --- maven-clean-plugin:2.5:clean (default-clean) @ demo ---
[INFO] Deleting /home/mehdi/Documents/Documents/studies/TPS/IHM Java/demo/target
[INFO] 
[INFO] --- maven-resources-plugin:2.6:resources (default-resources) @ demo ---
[INFO] Using 'UTF-8' encoding to copy filtered resources.
[INFO] Copying 0 resource
[INFO] 
[INFO] --- maven-compiler-plugin:3.11.0:compile (default-compile) @ demo ---
[INFO] Changes detected - recompiling the module! :source
[INFO] Compiling 3 source files with javac [debug release 21] to target/classes
[INFO] ------------------------------------------------------------------------
[INFO] BUILD SUCCESS
[INFO] ------------------------------------------------------------------------
[INFO] Total time:  1.604 s
[INFO] Finished at: 2025-10-24T11:34:44+01:00
[INFO] ------------------------------------------------------------------------
